<?xml version="1.0" encoding="UTF-8"?>
<testng-results ignored="0" total="1" passed="1" failed="0" skipped="0">
  <reporter-output>
  </reporter-output>
  <suite started-at="2022-05-09T15:33:44 GST" name="Default suite" finished-at="2022-05-09T15:34:21 GST" duration-ms="37478">
    <groups>
    </groups>
    <test started-at="2022-05-09T15:33:44 GST" name="Default test" finished-at="2022-05-09T15:34:21 GST" duration-ms="37478">
      <class name="customer.Loginpage">
        <test-method signature="Logindetails()[pri:0, instance:customer.Loginpage@7193666c]" started-at="2022-05-09T15:33:44 GST" name="Logindetails" finished-at="2022-05-09T15:34:21 GST" duration-ms="37434" status="PASS">
          <reporter-output>
          </reporter-output>
        </test-method> <!-- Logindetails -->
      </class> <!-- customer.Loginpage -->
    </test> <!-- Default test -->
  </suite> <!-- Default suite -->
</testng-results>
